# JRE version: OpenJDK Runtime Environment Temurin-17.0.10+7 (17.0.10+7) (build 17.0.10+7)
# Java VM: OpenJDK 64-Bit Server VM Temurin-17.0.10+7 (17.0.10+7, mixed mode, emulated-client, tiered, compressed oops, compressed class ptrs, g1 gc, windows-amd64)
GC Precious Log:
 CPUs: 4 total, 4 available
 Memory: 4056M
 Large Page Support: Disabled
 NUMA Support: Disabled
 Compressed Oops: Enabled (32-bit)
 Heap Region Size: 1M
 Heap Min Capacity: 8M
 Heap Initial Capacity: 64M
 Heap Max Capacity: 1G
 Pre-touch: Disabled
 Parallel Workers: 4
 Concurrent Workers: 1
 Concurrent Refinement Workers: 4
 Periodic GC: Disabled
Heap:
 garbage-first heap   total 80896K, used 35542K [0x00000000c0000000, 0x0000000100000000)
  region size 1024K, 1 young (1024K), 0 survivors (0K)
 Metaspace       used 58077K, committed 58560K, reserved 1114112K
  class space    used 7200K, committed 7424K, reserved 1048576K
GC Heap History (20 events):
Event: 813.492 GC heap before
{Heap before GC invocations=45 (full 23):
 garbage-first heap   total 80896K, used 35542K [0x00000000c0000000, 0x0000000100000000)
  region size 1024K, 1 young (1024K), 0 survivors (0K)
 Metaspace       used 58077K, committed 58560K, reserved 1114112K
  class space    used 7200K, committed 7424K, reserved 1048576K
}
Event: 813.534 GC heap after
{Heap after GC invocations=46 (full 24):
 garbage-first heap   total 80896K, used 35542K [0x00000000c0000000, 0x0000000100000000)
  region size 1024K, 0 young (0K), 0 survivors (0K)
 Metaspace       used 58077K, committed 58560K, reserved 1114112K
  class space    used 7200K, committed 7424K, reserved 1048576K
}
Event: 823.748 GC heap before
{Heap before GC invocations=46 (full 24):
 garbage-first heap   total 80896K, used 35542K [0x00000000c0000000, 0x0000000100000000)
  region size 1024K, 1 young (1024K), 0 survivors (0K)
 Metaspace       used 58077K, committed 58560K, reserved 1114112K
  class space    used 7200K, committed 7424K, reserved 1048576K
}
Event: 823.793 GC heap after
{Heap after GC invocations=47 (full 25):
 garbage-first heap   total 80896K, used 35542K [0x00000000c0000000, 0x0000000100000000)
  region size 1024K, 0 young (0K), 0 survivors (0K)
 Metaspace       used 58077K, committed 58560K, reserved 1114112K
  class space    used 7200K, committed 7424K, reserved 1048576K
}
Event: 834.013 GC heap before
{Heap before GC invocations=47 (full 25):
 garbage-first heap   total 80896K, used 35542K [0x00000000c0000000, 0x0000000100000000)
  region size 1024K, 1 young (1024K), 0 survivors (0K)
 Metaspace       used 58077K, committed 58560K, reserved 1114112K
  class space    used 7200K, committed 7424K, reserved 1048576K
}
Event: 834.061 GC heap after
{Heap after GC invocations=48 (full 26):
 garbage-first heap   total 80896K, used 35542K [0x00000000c0000000, 0x0000000100000000)
  region size 1024K, 0 young (0K), 0 survivors (0K)
 Metaspace       used 58077K, committed 58560K, reserved 1114112K
  class space    used 7200K, committed 7424K, reserved 1048576K
}
Event: 844.342 GC heap before
{Heap before GC invocations=48 (full 26):
 garbage-first heap   total 80896K, used 35542K [0x00000000c0000000, 0x0000000100000000)
  region size 1024K, 1 young (1024K), 0 survivors (0K)
 Metaspace       used 58077K, committed 58560K, reserved 1114112K
  class space    used 7200K, committed 7424K, reserved 1048576K
}
Event: 844.390 GC heap after
{Heap after GC invocations=49 (full 27):
 garbage-first heap   total 80896K, used 35542K [0x00000000c0000000, 0x0000000100000000)
  region size 1024K, 0 young (0K), 0 survivors (0K)
 Metaspace       used 58077K, committed 58560K, reserved 1114112K
  class space    used 7200K, committed 7424K, reserved 1048576K
}
Event: 854.616 GC heap before
{Heap before GC invocations=49 (full 27):
 garbage-first heap   total 80896K, used 35542K [0x00000000c0000000, 0x0000000100000000)
  region size 1024K, 1 young (1024K), 0 survivors (0K)
 Metaspace       used 58077K, committed 58560K, reserved 1114112K
  class space    used 7200K, committed 7424K, reserved 1048576K
}
Event: 854.669 GC heap after
{Heap after GC invocations=50 (full 28):
 garbage-first heap   total 80896K, used 35542K [0x00000000c0000000, 0x0000000100000000)
  region size 1024K, 0 young (0K), 0 survivors (0K)
 Metaspace       used 58077K, committed 58560K, reserved 1114112K
  class space    used 7200K, committed 7424K, reserved 1048576K
}
Event: 864.864 GC heap before
{Heap before GC invocations=50 (full 28):
 garbage-first heap   total 80896K, used 35542K [0x00000000c0000000, 0x0000000100000000)
  region size 1024K, 1 young (1024K), 0 survivors (0K)
 Metaspace       used 58077K, committed 58560K, reserved 1114112K
  class space    used 7200K, committed 7424K, reserved 1048576K
}
Event: 864.911 GC heap after
{Heap after GC invocations=51 (full 29):
 garbage-first heap   total 80896K, used 35542K [0x00000000c0000000, 0x0000000100000000)
  region size 1024K, 0 young (0K), 0 survivors (0K)
 Metaspace       used 58077K, committed 58560K, reserved 1114112K
  class space    used 7200K, committed 7424K, reserved 1048576K
}
Event: 875.209 GC heap before
{Heap before GC invocations=51 (full 29):
 garbage-first heap   total 80896K, used 35542K [0x00000000c0000000, 0x0000000100000000)
  region size 1024K, 1 young (1024K), 0 survivors (0K)
 Metaspace       used 58077K, committed 58560K, reserved 1114112K
  class space    used 7200K, committed 7424K, reserved 1048576K
}
Event: 875.256 GC heap after
{Heap after GC invocations=52 (full 30):
 garbage-first heap   total 80896K, used 35542K [0x00000000c0000000, 0x0000000100000000)
  region size 1024K, 0 young (0K), 0 survivors (0K)
 Metaspace       used 58077K, committed 58560K, reserved 1114112K
  class space    used 7200K, committed 7424K, reserved 1048576K
}
Event: 885.474 GC heap before
{Heap before GC invocations=52 (full 30):
 garbage-first heap   total 80896K, used 35542K [0x00000000c0000000, 0x0000000100000000)
  region size 1024K, 1 young (1024K), 0 survivors (0K)
 Metaspace       used 58077K, committed 58560K, reserved 1114112K
  class space    used 7200K, committed 7424K, reserved 1048576K
}
Event: 885.520 GC heap after
{Heap after GC invocations=53 (full 31):
 garbage-first heap   total 80896K, used 35542K [0x00000000c0000000, 0x0000000100000000)
  region size 1024K, 0 young (0K), 0 survivors (0K)
 Metaspace       used 58077K, committed 58560K, reserved 1114112K
  class space    used 7200K, committed 7424K, reserved 1048576K
}
Event: 895.729 GC heap before
{Heap before GC invocations=53 (full 31):
 garbage-first heap   total 80896K, used 35542K [0x00000000c0000000, 0x0000000100000000)
  region size 1024K, 1 young (1024K), 0 survivors (0K)
 Metaspace       used 58077K, committed 58560K, reserved 1114112K
  class space    used 7200K, committed 7424K, reserved 1048576K
}
Event: 895.782 GC heap after
{Heap after GC invocations=54 (full 32):
 garbage-first heap   total 80896K, used 35542K [0x00000000c0000000, 0x0000000100000000)
  region size 1024K, 0 young (0K), 0 survivors (0K)
 Metaspace       used 58077K, committed 58560K, reserved 1114112K
  class space    used 7200K, committed 7424K, reserved 1048576K
}
Event: 907.517 GC heap before
{Heap before GC invocations=54 (full 32):
 garbage-first heap   total 80896K, used 35542K [0x00000000c0000000, 0x0000000100000000)
  region size 1024K, 1 young (1024K), 0 survivors (0K)
 Metaspace       used 58077K, committed 58560K, reserved 1114112K
  class space    used 7200K, committed 7424K, reserved 1048576K
}
Event: 907.555 GC heap after
{Heap after GC invocations=55 (full 33):
 garbage-first heap   total 80896K, used 35542K [0x00000000c0000000, 0x0000000100000000)
  region size 1024K, 0 young (0K), 0 survivors (0K)
 Metaspace       used 58077K, committed 58560K, reserved 1114112K
  class space    used 7200K, committed 7424K, reserved 1048576K
}

